Using pre-set license
Built from '2021.2/staging' branch; Version is '2021.2.7f1 (6bd9e232123f) revision 7068130'; Using compiler version '192829333'; Build Type 'Release'
OS: 'Windows 11  (10.0.22623) 64bit CoreSingleLanguage' Language: 'en' Physical Memory: 16227 MB
BatchMode: 1, IsHumanControllingUs: 0, StartBugReporterOnCrash: 0, Is64bit: 1, IsPro: 0

COMMAND LINE ARGUMENTS:
C:\Program Files\Unity\Hub\Editor\2021.2.7f1\Editor\Unity.exe
-adb2
-batchMode
-noUpm
-name
AssetImportWorker1
-projectPath
D:/Github/AquariumIOT
-logFile
Logs/AssetImportWorker1.log
-srvPort
64757
Successfully changed project path to: D:/Github/AquariumIOT
D:/Github/AquariumIOT
[UnityMemory] Configuration Parameters - Can be set up in boot.config
    "memorysetup-bucket-allocator-granularity=16"
    "memorysetup-bucket-allocator-bucket-count=8"
    "memorysetup-bucket-allocator-block-size=33554432"
    "memorysetup-bucket-allocator-block-count=8"
    "memorysetup-main-allocator-block-size=16777216"
    "memorysetup-thread-allocator-block-size=16777216"
    "memorysetup-gfx-main-allocator-block-size=16777216"
    "memorysetup-gfx-thread-allocator-block-size=16777216"
    "memorysetup-cache-allocator-block-size=4194304"
    "memorysetup-typetree-allocator-block-size=2097152"
    "memorysetup-profiler-bucket-allocator-granularity=16"
    "memorysetup-profiler-bucket-allocator-bucket-count=8"
    "memorysetup-profiler-bucket-allocator-block-size=33554432"
    "memorysetup-profiler-bucket-allocator-block-count=8"
    "memorysetup-profiler-allocator-block-size=16777216"
    "memorysetup-profiler-editor-allocator-block-size=1048576"
    "memorysetup-temp-allocator-size-main=16777216"
    "memorysetup-job-temp-allocator-block-size=2097152"
    "memorysetup-job-temp-allocator-block-size-background=1048576"
    "memorysetup-job-temp-allocator-reduction-small-platforms=262144"
    "memorysetup-temp-allocator-size-background-worker=32768"
    "memorysetup-temp-allocator-size-job-worker=262144"
    "memorysetup-temp-allocator-size-preload-manager=33554432"
    "memorysetup-temp-allocator-size-nav-mesh-worker=65536"
    "memorysetup-temp-allocator-size-audio-worker=65536"
    "memorysetup-temp-allocator-size-cloud-worker=32768"
    "memorysetup-temp-allocator-size-gi-baking-worker=262144"
    "memorysetup-temp-allocator-size-gfx=262144"
Refreshing native plugins compatible for Editor in 41.24 ms, found 2 plugins.
Preloading 0 native plugins for Editor in 0.00 ms.
Initialize engine version: 2021.2.7f1 (6bd9e232123f)
[Subsystems] Discovering subsystems at path C:/Program Files/Unity/Hub/Editor/2021.2.7f1/Editor/Data/Resources/UnitySubsystems
[Subsystems] Discovering subsystems at path D:/Github/AquariumIOT/Assets
GfxDevice: creating device client; threaded=0; jobified=0
Direct3D:
    Version:  Direct3D 11.0 [level 11.1]
    Renderer: NVIDIA GeForce RTX 2070 (ID=0x1f14)
    Vendor:   NVIDIA
    VRAM:     8031 MB
    Driver:   27.21.14.5215
Initialize mono
Mono path[0] = 'C:/Program Files/Unity/Hub/Editor/2021.2.7f1/Editor/Data/Managed'
Mono path[1] = 'C:/Program Files/Unity/Hub/Editor/2021.2.7f1/Editor/Data/MonoBleedingEdge/lib/mono/unityjit-win32'
Mono config path = 'C:/Program Files/Unity/Hub/Editor/2021.2.7f1/Editor/Data/MonoBleedingEdge/etc'
Using monoOptions --debugger-agent=transport=dt_socket,embedding=1,server=y,suspend=n,address=127.0.0.1:56108
Begin MonoManager ReloadAssembly
Registering precompiled unity dll's ...
Register platform support module: C:/Program Files/Unity/Hub/Editor/2021.2.7f1/Editor/Data/PlaybackEngines/WindowsStandaloneSupport/UnityEditor.WindowsStandalone.Extensions.dll
Registered in 0.010151 seconds.
Native extension for WindowsStandalone target not found
Refreshing native plugins compatible for Editor in 35.02 ms, found 2 plugins.
Preloading 0 native plugins for Editor in 0.00 ms.
Mono: successfully reloaded assembly
- Completed reload, in  0.877 seconds
Domain Reload Profiling:
	ReloadAssembly (878ms)
		BeginReloadAssembly (129ms)
			ExecutionOrderSort (0ms)
			DisableScriptedObjects (0ms)
			BackupInstance (0ms)
			ReleaseScriptingObjects (0ms)
			CreateAndSetChildDomain (1ms)
		EndReloadAssembly (627ms)
			LoadAssemblies (126ms)
			RebuildTransferFunctionScriptingTraits (0ms)
			SetupTypeCache (166ms)
			ReleaseScriptCaches (0ms)
			RebuildScriptCaches (51ms)
			SetupLoadedEditorAssemblies (320ms)
				LogAssemblyErrors (0ms)
				InitializePlatformSupportModulesInManaged (21ms)
				SetLoadedEditorAssemblies (0ms)
				RefreshPlugins (35ms)
				BeforeProcessingInitializeOnLoad (2ms)
				ProcessInitializeOnLoadAttributes (191ms)
				ProcessInitializeOnLoadMethodAttributes (71ms)
				AfterProcessingInitializeOnLoad (0ms)
				EditorAssembliesLoaded (0ms)
			ExecutionOrderSort2 (0ms)
			AwakeInstancesAfterBackupRestoration (0ms)
Platform modules already initialized, skipping
Registering precompiled user dll's ...
Registered in 0.002552 seconds.
Begin MonoManager ReloadAssembly
Symbol file LoadedFromMemory is not a mono symbol file
Native extension for WindowsStandalone target not found
Refreshing native plugins compatible for Editor in 0.28 ms, found 2 plugins.
Preloading 0 native plugins for Editor in 0.00 ms.
Mono: successfully reloaded assembly
- Completed reload, in  0.941 seconds
Domain Reload Profiling:
	ReloadAssembly (942ms)
		BeginReloadAssembly (128ms)
			ExecutionOrderSort (0ms)
			DisableScriptedObjects (6ms)
			BackupInstance (0ms)
			ReleaseScriptingObjects (0ms)
			CreateAndSetChildDomain (23ms)
		EndReloadAssembly (714ms)
			LoadAssemblies (96ms)
			RebuildTransferFunctionScriptingTraits (0ms)
			SetupTypeCache (275ms)
			ReleaseScriptCaches (0ms)
			RebuildScriptCaches (39ms)
			SetupLoadedEditorAssemblies (271ms)
				LogAssemblyErrors (0ms)
				InitializePlatformSupportModulesInManaged (12ms)
				SetLoadedEditorAssemblies (0ms)
				RefreshPlugins (0ms)
				BeforeProcessingInitializeOnLoad (47ms)
				ProcessInitializeOnLoadAttributes (181ms)
				ProcessInitializeOnLoadMethodAttributes (22ms)
				AfterProcessingInitializeOnLoad (8ms)
				EditorAssembliesLoaded (0ms)
			ExecutionOrderSort2 (0ms)
			AwakeInstancesAfterBackupRestoration (7ms)
Platform modules already initialized, skipping
========================================================================
Worker process is ready to serve import requests
Launched and connected shader compiler UnityShaderCompiler.exe after 0.05 seconds
Refreshing native plugins compatible for Editor in 0.38 ms, found 2 plugins.
Preloading 0 native plugins for Editor in 0.00 ms.
Unloading 1554 Unused Serialized files (Serialized files now loaded: 0)
Unloading 16 unused Assets / (47.8 KB). Loaded Objects now: 2021.
Memory consumption went from 70.9 MB to 70.9 MB.
Total: 2.787800 ms (FindLiveObjects: 0.182800 ms CreateObjectMapping: 0.077800 ms MarkObjects: 2.463400 ms  DeleteObjects: 0.062900 ms)

AssetImportParameters requested are different than current active one (requested -> active):
  custom:video-decoder-ogg-theora: a1e56fd34408186e4bbccfd4996cb3dc -> 
  custom:container-muxer-webm: aa71ff27fc2769a1b78a27578f13a17b -> 
  custom:container-demuxer-webm: 4f35f7cbe854078d1ac9338744f61a02 -> 
  custom:video-encoder-webm-vp8: eb34c28f22e8b96e1ab97ce403110664 -> 
  custom:audio-encoder-webm-vorbis: bf7c407c2cedff20999df2af8eb42d56 -> 
  custom:framework-win-MediaFoundation: 216162199b28c13a410421893ffa2e32 -> 
  custom:container-demuxer-ogg: 62fdf1f143b41e24485cea50d1cbac27 -> 
  custom:video-decoder-webm-vp8: 9c59270c3fd7afecdb556c50c9e8de78 -> 
  custom:audio-decoder-ogg-vorbis: bf7c407c2cedff20999df2af8eb42d56 -> 
========================================================================
Received Prepare
Registering precompiled user dll's ...
Registered in 0.001747 seconds.
Begin MonoManager ReloadAssembly
Symbol file LoadedFromMemory is not a mono symbol file
Native extension for WindowsStandalone target not found
Refreshing native plugins compatible for Editor in 0.28 ms, found 2 plugins.
Preloading 0 native plugins for Editor in 0.00 ms.
Mono: successfully reloaded assembly
- Completed reload, in  0.908 seconds
Domain Reload Profiling:
	ReloadAssembly (909ms)
		BeginReloadAssembly (122ms)
			ExecutionOrderSort (0ms)
			DisableScriptedObjects (6ms)
			BackupInstance (0ms)
			ReleaseScriptingObjects (0ms)
			CreateAndSetChildDomain (28ms)
		EndReloadAssembly (691ms)
			LoadAssemblies (83ms)
			RebuildTransferFunctionScriptingTraits (0ms)
			SetupTypeCache (184ms)
			ReleaseScriptCaches (1ms)
			RebuildScriptCaches (36ms)
			SetupLoadedEditorAssemblies (320ms)
				LogAssemblyErrors (0ms)
				InitializePlatformSupportModulesInManaged (12ms)
				SetLoadedEditorAssemblies (0ms)
				RefreshPlugins (0ms)
				BeforeProcessingInitializeOnLoad (43ms)
				ProcessInitializeOnLoadAttributes (222ms)
				ProcessInitializeOnLoadMethodAttributes (33ms)
				AfterProcessingInitializeOnLoad (9ms)
				EditorAssembliesLoaded (0ms)
			ExecutionOrderSort2 (0ms)
			AwakeInstancesAfterBackupRestoration (9ms)
Platform modules already initialized, skipping
Switching build target platform(19) subTarget(0) extendedPlatform(0) -> platform(13) subTarget(0) extendedPlatform(0)
Refreshing native plugins compatible for Editor in 0.60 ms, found 2 plugins.
Preloading 0 native plugins for Editor in 0.00 ms.
Unloading 1538 Unused Serialized files (Serialized files now loaded: 0)
Unloading 11 unused Assets / (24.6 KB). Loaded Objects now: 2024.
Memory consumption went from 69.4 MB to 69.4 MB.
Total: 4.396600 ms (FindLiveObjects: 0.191900 ms CreateObjectMapping: 0.105700 ms MarkObjects: 4.025300 ms  DeleteObjects: 0.072200 ms)

AssetImportParameters requested are different than current active one (requested -> active):
  custom:video-decoder-ogg-theora: a1e56fd34408186e4bbccfd4996cb3dc -> 
  custom:container-muxer-webm: aa71ff27fc2769a1b78a27578f13a17b -> 
  custom:container-demuxer-webm: 4f35f7cbe854078d1ac9338744f61a02 -> 
  custom:video-encoder-webm-vp8: eb34c28f22e8b96e1ab97ce403110664 -> 
  custom:graphics/normal-map-encoding: 02000000000000000000000000000000 -> 01000000000000000000000000000000
  custom:audio-encoder-webm-vorbis: bf7c407c2cedff20999df2af8eb42d56 -> 
  custom:framework-win-MediaFoundation: 216162199b28c13a410421893ffa2e32 -> 
  custom:container-demuxer-ogg: 62fdf1f143b41e24485cea50d1cbac27 -> 
  custom:video-decoder-webm-vp8: 9c59270c3fd7afecdb556c50c9e8de78 -> 
  custom:audio-decoder-ogg-vorbis: bf7c407c2cedff20999df2af8eb42d56 -> 
========================================================================
Received Import Request.
  Time since last request: 151213.465966 seconds.
  path: Assets/TextMesh Pro/Resources/Fonts & Materials/LiberationSans SDF - Fallback.asset
  artifactKey: Guid(2e498d1c8094910479dc3e1b768306a4) Importer(815301076,1909f56bfc062723c751e8b465ee728b)
Start importing Assets/TextMesh Pro/Resources/Fonts & Materials/LiberationSans SDF - Fallback.asset using Guid(2e498d1c8094910479dc3e1b768306a4) Importer(815301076,1909f56bfc062723c751e8b465ee728b)  -> (artifact id: '0cae50d9e0c5e62741c5381f08f55a22') in 0.148080 seconds 
========================================================================
Received Import Request.
  Time since last request: 0.000020 seconds.
  path: Assets/Poppins/Poppins-Regular SDF.asset
  artifactKey: Guid(df466479ff23b9f4c97d7292c74886a8) Importer(815301076,1909f56bfc062723c751e8b465ee728b)
Start importing Assets/Poppins/Poppins-Regular SDF.asset using Guid(df466479ff23b9f4c97d7292c74886a8) Importer(815301076,1909f56bfc062723c751e8b465ee728b)  -> (artifact id: '7560d7c3deac2d0f287d356ecf053933') in 0.021000 seconds 
========================================================================
Received Prepare
Registering precompiled user dll's ...
Registered in 0.002394 seconds.
Begin MonoManager ReloadAssembly
Symbol file LoadedFromMemory is not a mono symbol file
Native extension for WindowsStandalone target not found
Refreshing native plugins compatible for Editor in 0.50 ms, found 2 plugins.
Preloading 0 native plugins for Editor in 0.00 ms.
Mono: successfully reloaded assembly
- Completed reload, in  0.961 seconds
Domain Reload Profiling:
	ReloadAssembly (962ms)
		BeginReloadAssembly (149ms)
			ExecutionOrderSort (0ms)
			DisableScriptedObjects (4ms)
			BackupInstance (0ms)
			ReleaseScriptingObjects (0ms)
			CreateAndSetChildDomain (32ms)
		EndReloadAssembly (713ms)
			LoadAssemblies (97ms)
			RebuildTransferFunctionScriptingTraits (0ms)
			SetupTypeCache (190ms)
			ReleaseScriptCaches (1ms)
			RebuildScriptCaches (41ms)
			SetupLoadedEditorAssemblies (313ms)
				LogAssemblyErrors (0ms)
				InitializePlatformSupportModulesInManaged (14ms)
				SetLoadedEditorAssemblies (1ms)
				RefreshPlugins (1ms)
				BeforeProcessingInitializeOnLoad (56ms)
				ProcessInitializeOnLoadAttributes (202ms)
				ProcessInitializeOnLoadMethodAttributes (30ms)
				AfterProcessingInitializeOnLoad (10ms)
				EditorAssembliesLoaded (0ms)
			ExecutionOrderSort2 (0ms)
			AwakeInstancesAfterBackupRestoration (16ms)
Platform modules already initialized, skipping
Switching build target platform(19) subTarget(0) extendedPlatform(0) -> platform(13) subTarget(0) extendedPlatform(0)
Refreshing native plugins compatible for Editor in 0.32 ms, found 2 plugins.
Preloading 0 native plugins for Editor in 0.00 ms.
Unloading 1540 Unused Serialized files (Serialized files now loaded: 0)
Unloading 11 unused Assets / (24.6 KB). Loaded Objects now: 2099.
Memory consumption went from 74.8 MB to 74.7 MB.
Total: 4.610400 ms (FindLiveObjects: 0.219700 ms CreateObjectMapping: 0.093500 ms MarkObjects: 4.277300 ms  DeleteObjects: 0.018100 ms)

AssetImportParameters requested are different than current active one (requested -> active):
  custom:video-decoder-ogg-theora: a1e56fd34408186e4bbccfd4996cb3dc -> 
  custom:container-muxer-webm: aa71ff27fc2769a1b78a27578f13a17b -> 
  custom:container-demuxer-webm: 4f35f7cbe854078d1ac9338744f61a02 -> 
  custom:video-encoder-webm-vp8: eb34c28f22e8b96e1ab97ce403110664 -> 
  custom:graphics/normal-map-encoding: 02000000000000000000000000000000 -> 01000000000000000000000000000000
  custom:audio-encoder-webm-vorbis: bf7c407c2cedff20999df2af8eb42d56 -> 
  custom:framework-win-MediaFoundation: 216162199b28c13a410421893ffa2e32 -> 
  custom:container-demuxer-ogg: 62fdf1f143b41e24485cea50d1cbac27 -> 
  custom:video-decoder-webm-vp8: 9c59270c3fd7afecdb556c50c9e8de78 -> 
  custom:audio-decoder-ogg-vorbis: bf7c407c2cedff20999df2af8eb42d56 -> 
========================================================================
Received Import Request.
  Time since last request: 356.885975 seconds.
  path: Assets/2D/btn food.png
  artifactKey: Guid(0306cc4eb6973424b86d8e36988184fb) Importer(815301076,1909f56bfc062723c751e8b465ee728b)
Start importing Assets/2D/btn food.png using Guid(0306cc4eb6973424b86d8e36988184fb) Importer(815301076,1909f56bfc062723c751e8b465ee728b)  -> (artifact id: 'cd12972fffca8986f5639ebf22854b86') in 0.066553 seconds 
========================================================================
Received Import Request.
  Time since last request: 0.000020 seconds.
  path: Assets/2D/imgBarangPh.png
  artifactKey: Guid(b209f70877c6eb941b9137dc3e350a0a) Importer(815301076,1909f56bfc062723c751e8b465ee728b)
Start importing Assets/2D/imgBarangPh.png using Guid(b209f70877c6eb941b9137dc3e350a0a) Importer(815301076,1909f56bfc062723c751e8b465ee728b)  -> (artifact id: '7debe16b1bfb786909b6dc09bbe14179') in 0.185810 seconds 
========================================================================
Received Import Request.
  Time since last request: 0.000018 seconds.
  path: Assets/2D/imgBarangPh2.png
  artifactKey: Guid(6bcbf9706596db44497737bdb3a7c266) Importer(815301076,1909f56bfc062723c751e8b465ee728b)
Start importing Assets/2D/imgBarangPh2.png using Guid(6bcbf9706596db44497737bdb3a7c266) Importer(815301076,1909f56bfc062723c751e8b465ee728b)  -> (artifact id: 'e26d9df777d327488d94ecd8ad9304f9') in 0.019794 seconds 
========================================================================
Received Import Request.
  Time since last request: 0.000031 seconds.
  path: Assets/2D/imgAir.png
  artifactKey: Guid(775ca98de78a2d94f98f0d4a0ee67373) Importer(815301076,1909f56bfc062723c751e8b465ee728b)
Start importing Assets/2D/imgAir.png using Guid(775ca98de78a2d94f98f0d4a0ee67373) Importer(815301076,1909f56bfc062723c751e8b465ee728b)  -> (artifact id: '40e883a841e6754424c294d9ad9a4e06') in 0.116608 seconds 
========================================================================
Received Import Request.
  Time since last request: 0.000014 seconds.
  path: Assets/2D/circleBlue.png
  artifactKey: Guid(3bce598d2b554ee459cb38a7c10ca206) Importer(815301076,1909f56bfc062723c751e8b465ee728b)
Start importing Assets/2D/circleBlue.png using Guid(3bce598d2b554ee459cb38a7c10ca206) Importer(815301076,1909f56bfc062723c751e8b465ee728b)  -> (artifact id: '35b5142b96c87a721fbc21b9d4f85449') in 0.057511 seconds 
========================================================================
Received Import Request.
  Time since last request: 0.000016 seconds.
  path: Assets/2D/imgBarangWaterGlass.png
  artifactKey: Guid(009f736fc7952d145a687f85c5faba96) Importer(815301076,1909f56bfc062723c751e8b465ee728b)
Start importing Assets/2D/imgBarangWaterGlass.png using Guid(009f736fc7952d145a687f85c5faba96) Importer(815301076,1909f56bfc062723c751e8b465ee728b)  -> (artifact id: 'f6fbe9f414ab244ed033c03e45e8fdbf') in 0.037840 seconds 
========================================================================
Received Import Request.
  Time since last request: 0.000015 seconds.
  path: Assets/2D/imgPhIndikatorAsam.png
  artifactKey: Guid(bda6e3516ddd89a4abd50f0631cd89cb) Importer(815301076,1909f56bfc062723c751e8b465ee728b)
Start importing Assets/2D/imgPhIndikatorAsam.png using Guid(bda6e3516ddd89a4abd50f0631cd89cb) Importer(815301076,1909f56bfc062723c751e8b465ee728b)  -> (artifact id: '4fdf19402deca969261fc036e48ce581') in 0.032544 seconds 
========================================================================
Received Import Request.
  Time since last request: 0.000027 seconds.
  path: Assets/2D/food.png
  artifactKey: Guid(8f1667ed54111de4db854ab3eac69779) Importer(815301076,1909f56bfc062723c751e8b465ee728b)
Start importing Assets/2D/food.png using Guid(8f1667ed54111de4db854ab3eac69779) Importer(815301076,1909f56bfc062723c751e8b465ee728b)  -> (artifact id: '1a5afbf894b4ddafd48ddaa0a2f1ebe7') in 0.050300 seconds 
========================================================================
Received Import Request.
  Time since last request: 0.000034 seconds.
  path: Assets/2D/btnTurnOn.png
  artifactKey: Guid(f5ba8f743a81ba44195c0a0e21671b67) Importer(815301076,1909f56bfc062723c751e8b465ee728b)
Start importing Assets/2D/btnTurnOn.png using Guid(f5ba8f743a81ba44195c0a0e21671b67) Importer(815301076,1909f56bfc062723c751e8b465ee728b)  -> (artifact id: 'dd59cdc094de2319e62a3fb2bd4c5b5e') in 0.038507 seconds 
========================================================================
Received Import Request.
  Time since last request: 0.000016 seconds.
  path: Assets/2D/imgPhIndikatorNetral.png
  artifactKey: Guid(e5afe3c6908eace46bfdba79113dec04) Importer(815301076,1909f56bfc062723c751e8b465ee728b)
Start importing Assets/2D/imgPhIndikatorNetral.png using Guid(e5afe3c6908eace46bfdba79113dec04) Importer(815301076,1909f56bfc062723c751e8b465ee728b)  -> (artifact id: '2b12a14789777d71e71fcbc73ca95fec') in 0.038201 seconds 
========================================================================
Received Import Request.
  Time since last request: 0.000041 seconds.
  path: Assets/2D/logoIcon.png
  artifactKey: Guid(608bc58bca85ab242ac42a670df4fe00) Importer(815301076,1909f56bfc062723c751e8b465ee728b)
Start importing Assets/2D/logoIcon.png using Guid(608bc58bca85ab242ac42a670df4fe00) Importer(815301076,1909f56bfc062723c751e8b465ee728b)  -> (artifact id: '883f5aefcf1f77201a4d4dbbd3c47a4f') in 0.111045 seconds 
========================================================================
Received Import Request.
  Time since last request: 0.000028 seconds.
  path: Assets/2D/imgBarangLamp2.png
  artifactKey: Guid(83297784016e16c49ba61902a019cab0) Importer(815301076,1909f56bfc062723c751e8b465ee728b)
Start importing Assets/2D/imgBarangLamp2.png using Guid(83297784016e16c49ba61902a019cab0) Importer(815301076,1909f56bfc062723c751e8b465ee728b)  -> (artifact id: 'c337500bb59cb6b243bcb99b555ff3e5') in 0.118940 seconds 
========================================================================
Received Import Request.
  Time since last request: 0.000021 seconds.
  path: Assets/2D/jarfish text.png
  artifactKey: Guid(c94360778a81fe041a38b3d97041b81e) Importer(815301076,1909f56bfc062723c751e8b465ee728b)
Start importing Assets/2D/jarfish text.png using Guid(c94360778a81fe041a38b3d97041b81e) Importer(815301076,1909f56bfc062723c751e8b465ee728b)  -> (artifact id: '4f84772bb92102352a300f8e30cd1f4c') in 0.019759 seconds 
========================================================================
Received Import Request.
  Time since last request: 0.000048 seconds.
  path: Assets/2D/foodFish.png
  artifactKey: Guid(881e1715a516c1f4ea1ebc4c015832ec) Importer(815301076,1909f56bfc062723c751e8b465ee728b)
Start importing Assets/2D/foodFish.png using Guid(881e1715a516c1f4ea1ebc4c015832ec) Importer(815301076,1909f56bfc062723c751e8b465ee728b)  -> (artifact id: '6b2c427c487b732bb4d90181f50f346b') in 0.097580 seconds 
========================================================================
Received Import Request.
  Time since last request: 0.000017 seconds.
  path: Assets/2D/imgLogo.png
  artifactKey: Guid(7452497a7cbb35f4e8d5c176a2c76559) Importer(815301076,1909f56bfc062723c751e8b465ee728b)
Start importing Assets/2D/imgLogo.png using Guid(7452497a7cbb35f4e8d5c176a2c76559) Importer(815301076,1909f56bfc062723c751e8b465ee728b)  -> (artifact id: '9a1b5e3da057ec2b01e3ecc2001c7272') in 0.035304 seconds 
========================================================================
Received Import Request.
  Time since last request: 0.000019 seconds.
  path: Assets/2D/Rectangle 1100.png
  artifactKey: Guid(d9712fe35e5e9c242bdf5af494b1c245) Importer(815301076,1909f56bfc062723c751e8b465ee728b)
Start importing Assets/2D/Rectangle 1100.png using Guid(d9712fe35e5e9c242bdf5af494b1c245) Importer(815301076,1909f56bfc062723c751e8b465ee728b)  -> (artifact id: 'c69dada73327830c4c4d1ed5bcff9fdf') in 0.024338 seconds 
========================================================================
Received Import Request.
  Time since last request: 0.000022 seconds.
  path: Assets/2D/imgBarangPh1.png
  artifactKey: Guid(5e7458dc0f8dfff49a3e84b9fd61e70a) Importer(815301076,1909f56bfc062723c751e8b465ee728b)
Start importing Assets/2D/imgBarangPh1.png using Guid(5e7458dc0f8dfff49a3e84b9fd61e70a) Importer(815301076,1909f56bfc062723c751e8b465ee728b)  -> (artifact id: 'ee67f010afcd61e747a4ea83894b4de8') in 0.053565 seconds 
========================================================================
Received Import Request.
  Time since last request: 0.000018 seconds.
  path: Assets/2D/btnHome.png
  artifactKey: Guid(a4fab7f2437f8c24ba18f8929059525c) Importer(815301076,1909f56bfc062723c751e8b465ee728b)
Start importing Assets/2D/btnHome.png using Guid(a4fab7f2437f8c24ba18f8929059525c) Importer(815301076,1909f56bfc062723c751e8b465ee728b)  -> (artifact id: 'be82910e6cb94249d243713271f32a7b') in 0.019621 seconds 
========================================================================
Received Import Request.
  Time since last request: 0.000038 seconds.
  path: Assets/2D/imgBarangWater1.png
  artifactKey: Guid(9ee98360eeeb2d0429212e3b729118a0) Importer(815301076,1909f56bfc062723c751e8b465ee728b)
Start importing Assets/2D/imgBarangWater1.png using Guid(9ee98360eeeb2d0429212e3b729118a0) Importer(815301076,1909f56bfc062723c751e8b465ee728b)  -> (artifact id: '346b71a5a1ddff70e3744e1b92d7df3e') in 0.136464 seconds 
========================================================================
Received Import Request.
  Time since last request: 0.000030 seconds.
  path: Assets/2D/btnTurnOff.png
  artifactKey: Guid(7cc9d74a17658a64caa7b2592c51886f) Importer(815301076,1909f56bfc062723c751e8b465ee728b)
Start importing Assets/2D/btnTurnOff.png using Guid(7cc9d74a17658a64caa7b2592c51886f) Importer(815301076,1909f56bfc062723c751e8b465ee728b)  -> (artifact id: '4f638621a46192a5fbe2b87756d3be08') in 0.033101 seconds 
========================================================================
Received Import Request.
  Time since last request: 0.000013 seconds.
  path: Assets/2D/imgLogoApp.png
  artifactKey: Guid(280f1553f0bfb404bb31e1eb8bfd85d3) Importer(815301076,1909f56bfc062723c751e8b465ee728b)
Start importing Assets/2D/imgLogoApp.png using Guid(280f1553f0bfb404bb31e1eb8bfd85d3) Importer(815301076,1909f56bfc062723c751e8b465ee728b)  -> (artifact id: '2d8fb8a5e5876f9746989013cb9651ab') in 0.021774 seconds 
========================================================================
Received Import Request.
  Time since last request: 0.000017 seconds.
  path: Assets/2D/imgBarangFoodMini.png
  artifactKey: Guid(3d642c80feec0d1488674333721ef46a) Importer(815301076,1909f56bfc062723c751e8b465ee728b)
Start importing Assets/2D/imgBarangFoodMini.png using Guid(3d642c80feec0d1488674333721ef46a) Importer(815301076,1909f56bfc062723c751e8b465ee728b)  -> (artifact id: 'e4bb6b09f09a491ff154f05381aa967c') in 0.127774 seconds 
========================================================================
Received Import Request.
  Time since last request: 0.000025 seconds.
  path: Assets/2D/btnClose.png
  artifactKey: Guid(76091576bd28a7e42928356bc97bcf7e) Importer(815301076,1909f56bfc062723c751e8b465ee728b)
Start importing Assets/2D/btnClose.png using Guid(76091576bd28a7e42928356bc97bcf7e) Importer(815301076,1909f56bfc062723c751e8b465ee728b)  -> (artifact id: 'c5dd1d3f09dfe9ff1477560c3edebb6f') in 0.037676 seconds 
Editor requested this worker to shutdown with reason: Scaling down because of idle timeout
AssetImportWorker is now disconnected from the server
Process exiting
Exiting without the bug reporter. Application will terminate with return code 0